<?xml version="1.0" encoding="UTF-8"?>
<!-- Generated by org.testng.reporters.JUnitReportReporter -->
<testsuite hostname="TXCHD-LAP-235" failures="0" tests="15" name="com.auto.Homepage_Test_Scenario.SignUp_Test_Scenarios" time="711.173" errors="0" timestamp="15 Dec 2022 08:12:07 GMT" skipped="0">
  <testcase classname="com.auto.Homepage_Test_Scenario.SignUp_Test_Scenarios" name="TC_01_Verify_SignUp_E2e_Flow" time="46.944"/>
  <testcase classname="com.auto.Homepage_Test_Scenario.SignUp_Test_Scenarios" name="TC_01_Verify_SignUp_E2e_Flow" time="47.749"/>
  <testcase classname="com.auto.Homepage_Test_Scenario.SignUp_Test_Scenarios" name="TC_01_Verify_SignUp_E2e_Flow" time="47.438"/>
  <testcase classname="com.auto.Homepage_Test_Scenario.SignUp_Test_Scenarios" name="TC_01_Verify_SignUp_E2e_Flow" time="45.329"/>
  <testcase classname="com.auto.Homepage_Test_Scenario.SignUp_Test_Scenarios" name="TC_01_Verify_SignUp_E2e_Flow" time="46.248"/>
  <testcase classname="com.auto.Homepage_Test_Scenario.SignUp_Test_Scenarios" name="TC_01_Verify_SignUp_E2e_Flow" time="45.160"/>
  <testcase classname="com.auto.Homepage_Test_Scenario.SignUp_Test_Scenarios" name="TC_01_Verify_SignUp_E2e_Flow" time="46.983"/>
  <testcase classname="com.auto.Homepage_Test_Scenario.SignUp_Test_Scenarios" name="TC_01_Verify_SignUp_E2e_Flow" time="47.859"/>
  <testcase classname="com.auto.Homepage_Test_Scenario.SignUp_Test_Scenarios" name="TC_01_Verify_SignUp_E2e_Flow" time="48.346"/>
  <testcase classname="com.auto.Homepage_Test_Scenario.SignUp_Test_Scenarios" name="TC_01_Verify_SignUp_E2e_Flow" time="48.456"/>
  <testcase classname="com.auto.Homepage_Test_Scenario.SignUp_Test_Scenarios" name="TC_01_Verify_SignUp_E2e_Flow" time="47.566"/>
  <testcase classname="com.auto.Homepage_Test_Scenario.SignUp_Test_Scenarios" name="TC_01_Verify_SignUp_E2e_Flow" time="46.332"/>
  <testcase classname="com.auto.Homepage_Test_Scenario.SignUp_Test_Scenarios" name="TC_01_Verify_SignUp_E2e_Flow" time="45.081"/>
  <testcase classname="com.auto.Homepage_Test_Scenario.SignUp_Test_Scenarios" name="TC_01_Verify_SignUp_E2e_Flow" time="56.925"/>
  <testcase classname="com.auto.Homepage_Test_Scenario.SignUp_Test_Scenarios" name="TC_01_Verify_SignUp_E2e_Flow" time="44.757"/>
</testsuite> <!-- com.auto.Homepage_Test_Scenario.SignUp_Test_Scenarios -->
